<?xml version="1.0" encoding="UTF-8"?>
<!-- Generated by org.testng.reporters.JUnitReportReporter -->
<testsuite hostname="Payal" failures="0" tests="2" name="Test.Launch" time="0.009" errors="0" timestamp="2022-05-21T01:17:41 EDT" skipped="0">
  <testcase classname="Test.Launch" name="amazon" time="0.001"/>
  <system-out/>
  <testcase classname="Test.Launch" name="amazon" time="0.008"/>
  <system-out/>
</testsuite> <!-- Test.Launch -->
